{"message":"::1 - - [03/Apr/2021:13:44:20 +0000] \"POST /api/auth/login HTTP/1.1\" 200 445 \"http://localhost:4200/\" \"Mozilla/5.0 (Windows NT 10.0; Win64; x64) AppleWebKit/537.36 (KHTML, like Gecko) Chrome/89.0.4389.90 Safari/537.36\"\n","level":"info"}
{"message":"::1 - - [03/Apr/2021:13:44:21 +0000] \"GET /api/users/data HTTP/1.1\" 304 - \"http://localhost:4200/\" \"Mozilla/5.0 (Windows NT 10.0; Win64; x64) AppleWebKit/537.36 (KHTML, like Gecko) Chrome/89.0.4389.90 Safari/537.36\"\n","level":"info"}
{"message":"::1 - - [03/Apr/2021:13:44:22 +0000] \"GET /api/users/cancel HTTP/1.1\" 500 33 \"http://localhost:4200/\" \"Mozilla/5.0 (Windows NT 10.0; Win64; x64) AppleWebKit/537.36 (KHTML, like Gecko) Chrome/89.0.4389.90 Safari/537.36\"\n","level":"info"}
{"error":{},"level":"error","message":"uncaughtException: app.use() requires a middleware function\nTypeError: app.use() requires a middleware function\n    at Function.use (C:\\Users\\C5313812\\Desktop\\vladimir\\sayollo\\backend\\node_modules\\express\\lib\\application.js:210:11)\n    at Object.<anonymous> (C:\\Users\\C5313812\\Desktop\\vladimir\\sayollo\\backend\\app.js:17:5)\n    at Module._compile (internal/modules/cjs/loader.js:1015:30)\n    at Object.Module._extensions..js (internal/modules/cjs/loader.js:1035:10)\n    at Module.load (internal/modules/cjs/loader.js:879:32)\n    at Function.Module._load (internal/modules/cjs/loader.js:724:14)\n    at Module.require (internal/modules/cjs/loader.js:903:19)\n    at require (internal/modules/cjs/helpers.js:74:18)\n    at Object.<anonymous> (C:\\Users\\C5313812\\Desktop\\vladimir\\sayollo\\backend\\bin\\www:7:11)\n    at Module._compile (internal/modules/cjs/loader.js:1015:30)","stack":"TypeError: app.use() requires a middleware function\n    at Function.use (C:\\Users\\C5313812\\Desktop\\vladimir\\sayollo\\backend\\node_modules\\express\\lib\\application.js:210:11)\n    at Object.<anonymous> (C:\\Users\\C5313812\\Desktop\\vladimir\\sayollo\\backend\\app.js:17:5)\n    at Module._compile (internal/modules/cjs/loader.js:1015:30)\n    at Object.Module._extensions..js (internal/modules/cjs/loader.js:1035:10)\n    at Module.load (internal/modules/cjs/loader.js:879:32)\n    at Function.Module._load (internal/modules/cjs/loader.js:724:14)\n    at Module.require (internal/modules/cjs/loader.js:903:19)\n    at require (internal/modules/cjs/helpers.js:74:18)\n    at Object.<anonymous> (C:\\Users\\C5313812\\Desktop\\vladimir\\sayollo\\backend\\bin\\www:7:11)\n    at Module._compile (internal/modules/cjs/loader.js:1015:30)","exception":true,"date":"Sat Apr 03 2021 15:45:15 GMT+0200 (Central European Summer Time)","process":{"pid":118060,"uid":null,"gid":null,"cwd":"C:\\Users\\C5313812\\Desktop\\vladimir\\sayollo\\backend","execPath":"C:\\Program Files\\nodejs\\node.exe","version":"v12.19.0","argv":["C:\\Program Files\\nodejs\\node.exe","C:\\Users\\C5313812\\Desktop\\vladimir\\sayollo\\backend\\bin\\www"],"memoryUsage":{"rss":37457920,"heapTotal":17993728,"heapUsed":12181160,"external":1545010,"arrayBuffers":155783}},"os":{"loadavg":[0,0,0],"uptime":1898837},"trace":[{"column":11,"file":"C:\\Users\\C5313812\\Desktop\\vladimir\\sayollo\\backend\\node_modules\\express\\lib\\application.js","function":"Function.use","line":210,"method":"use","native":false},{"column":5,"file":"C:\\Users\\C5313812\\Desktop\\vladimir\\sayollo\\backend\\app.js","function":null,"line":17,"method":null,"native":false},{"column":30,"file":"internal/modules/cjs/loader.js","function":"Module._compile","line":1015,"method":"_compile","native":false},{"column":10,"file":"internal/modules/cjs/loader.js","function":"Module._extensions..js","line":1035,"method":".js","native":false},{"column":32,"file":"internal/modules/cjs/loader.js","function":"Module.load","line":879,"method":"load","native":false},{"column":14,"file":"internal/modules/cjs/loader.js","function":"Module._load","line":724,"method":"_load","native":false},{"column":19,"file":"internal/modules/cjs/loader.js","function":"Module.require","line":903,"method":"require","native":false},{"column":18,"file":"internal/modules/cjs/helpers.js","function":"require","line":74,"method":null,"native":false},{"column":11,"file":"C:\\Users\\C5313812\\Desktop\\vladimir\\sayollo\\backend\\bin\\www","function":null,"line":7,"method":null,"native":false},{"column":30,"file":"internal/modules/cjs/loader.js","function":"Module._compile","line":1015,"method":"_compile","native":false}]}
{"message":"::1 - - [03/Apr/2021:13:45:54 +0000] \"GET /api/users/cancel HTTP/1.1\" 500 33 \"http://localhost:4200/\" \"Mozilla/5.0 (Windows NT 10.0; Win64; x64) AppleWebKit/537.36 (KHTML, like Gecko) Chrome/89.0.4389.90 Safari/537.36\"\n","level":"info"}
{"message":"::1 - - [03/Apr/2021:13:46:49 +0000] \"GET /api/users/data HTTP/1.1\" 304 - \"http://localhost:4200/\" \"Mozilla/5.0 (Windows NT 10.0; Win64; x64) AppleWebKit/537.36 (KHTML, like Gecko) Chrome/89.0.4389.90 Safari/537.36\"\n","level":"info"}
{"message":"::1 - - [03/Apr/2021:13:46:52 +0000] \"GET /api/users/cancel HTTP/1.1\" 200 21 \"http://localhost:4200/\" \"Mozilla/5.0 (Windows NT 10.0; Win64; x64) AppleWebKit/537.36 (KHTML, like Gecko) Chrome/89.0.4389.90 Safari/537.36\"\n","level":"info"}
{"message":"::1 - - [03/Apr/2021:13:47:30 +0000] \"GET /api/users/data HTTP/1.1\" 304 - \"http://localhost:4200/\" \"Mozilla/5.0 (Windows NT 10.0; Win64; x64) AppleWebKit/537.36 (KHTML, like Gecko) Chrome/89.0.4389.90 Safari/537.36\"\n","level":"info"}
{"message":"::1 - - [03/Apr/2021:13:48:20 +0000] \"GET /api/users/cancel HTTP/1.1\" 304 - \"http://localhost:4200/\" \"Mozilla/5.0 (Windows NT 10.0; Win64; x64) AppleWebKit/537.36 (KHTML, like Gecko) Chrome/89.0.4389.90 Safari/537.36\"\n","level":"info"}
{"message":"::ffff:127.0.0.1 - - [03/Apr/2021:13:48:27 +0000] \"GET /api/users/data HTTP/1.1\" 304 - \"http://localhost:4200/\" \"Mozilla/5.0 (Windows NT 10.0; Win64; x64) AppleWebKit/537.36 (KHTML, like Gecko) Chrome/89.0.4389.90 Safari/537.36\"\n","level":"info"}
{"message":"::ffff:127.0.0.1 - - [03/Apr/2021:13:48:31 +0000] \"GET /api/users/cancel HTTP/1.1\" 304 - \"http://localhost:4200/\" \"Mozilla/5.0 (Windows NT 10.0; Win64; x64) AppleWebKit/537.36 (KHTML, like Gecko) Chrome/89.0.4389.90 Safari/537.36\"\n","level":"info"}
{"message":"::1 - - [03/Apr/2021:13:50:46 +0000] \"GET /api/users/data HTTP/1.1\" 304 - \"http://localhost:4200/\" \"Mozilla/5.0 (Windows NT 10.0; Win64; x64) AppleWebKit/537.36 (KHTML, like Gecko) Chrome/89.0.4389.90 Safari/537.36\"\n","level":"info"}
{"message":"::1 - - [03/Apr/2021:13:50:47 +0000] \"GET /api/users/cancel HTTP/1.1\" 304 - \"http://localhost:4200/\" \"Mozilla/5.0 (Windows NT 10.0; Win64; x64) AppleWebKit/537.36 (KHTML, like Gecko) Chrome/89.0.4389.90 Safari/537.36\"\n","level":"info"}
{"message":"::1 - - [03/Apr/2021:13:51:11 +0000] \"GET /api/users/data HTTP/1.1\" 304 - \"http://localhost:4200/\" \"Mozilla/5.0 (Windows NT 10.0; Win64; x64) AppleWebKit/537.36 (KHTML, like Gecko) Chrome/89.0.4389.90 Safari/537.36\"\n","level":"info"}
{"message":"::1 - - [03/Apr/2021:13:51:12 +0000] \"GET /api/users/data HTTP/1.1\" 304 - \"http://localhost:4200/\" \"Mozilla/5.0 (Windows NT 10.0; Win64; x64) AppleWebKit/537.36 (KHTML, like Gecko) Chrome/89.0.4389.90 Safari/537.36\"\n","level":"info"}
{"message":"::1 - - [03/Apr/2021:13:51:27 +0000] \"GET /api/users/data HTTP/1.1\" 304 - \"http://localhost:4200/\" \"Mozilla/5.0 (Windows NT 10.0; Win64; x64) AppleWebKit/537.36 (KHTML, like Gecko) Chrome/89.0.4389.90 Safari/537.36\"\n","level":"info"}
{"message":"::1 - - [03/Apr/2021:13:51:28 +0000] \"GET /api/users/data HTTP/1.1\" 304 - \"http://localhost:4200/\" \"Mozilla/5.0 (Windows NT 10.0; Win64; x64) AppleWebKit/537.36 (KHTML, like Gecko) Chrome/89.0.4389.90 Safari/537.36\"\n","level":"info"}
{"message":"::1 - - [03/Apr/2021:13:52:35 +0000] \"GET /api/users/data HTTP/1.1\" 304 - \"http://localhost:4200/\" \"Mozilla/5.0 (Windows NT 10.0; Win64; x64) AppleWebKit/537.36 (KHTML, like Gecko) Chrome/89.0.4389.90 Safari/537.36\"\n","level":"info"}
{"message":"::1 - - [03/Apr/2021:13:52:35 +0000] \"GET /api/users/data HTTP/1.1\" 304 - \"http://localhost:4200/\" \"Mozilla/5.0 (Windows NT 10.0; Win64; x64) AppleWebKit/537.36 (KHTML, like Gecko) Chrome/89.0.4389.90 Safari/537.36\"\n","level":"info"}
{"message":"::1 - - [03/Apr/2021:13:53:15 +0000] \"GET /api/users/data HTTP/1.1\" 304 - \"http://localhost:4200/\" \"Mozilla/5.0 (Windows NT 10.0; Win64; x64) AppleWebKit/537.36 (KHTML, like Gecko) Chrome/89.0.4389.90 Safari/537.36\"\n","level":"info"}
{"message":"::1 - - [03/Apr/2021:13:53:15 +0000] \"GET /api/users/data HTTP/1.1\" 304 - \"http://localhost:4200/\" \"Mozilla/5.0 (Windows NT 10.0; Win64; x64) AppleWebKit/537.36 (KHTML, like Gecko) Chrome/89.0.4389.90 Safari/537.36\"\n","level":"info"}
{"message":"::1 - - [03/Apr/2021:13:53:28 +0000] \"GET /api/users/data HTTP/1.1\" 304 - \"http://localhost:4200/\" \"Mozilla/5.0 (Windows NT 10.0; Win64; x64) AppleWebKit/537.36 (KHTML, like Gecko) Chrome/89.0.4389.90 Safari/537.36\"\n","level":"info"}
{"message":"::1 - - [03/Apr/2021:13:53:28 +0000] \"GET /api/users/data HTTP/1.1\" 304 - \"http://localhost:4200/\" \"Mozilla/5.0 (Windows NT 10.0; Win64; x64) AppleWebKit/537.36 (KHTML, like Gecko) Chrome/89.0.4389.90 Safari/537.36\"\n","level":"info"}
{"message":"::1 - - [03/Apr/2021:13:53:47 +0000] \"GET /api/users/data HTTP/1.1\" 304 - \"http://localhost:4200/\" \"Mozilla/5.0 (Windows NT 10.0; Win64; x64) AppleWebKit/537.36 (KHTML, like Gecko) Chrome/89.0.4389.90 Safari/537.36\"\n","level":"info"}
{"message":"::1 - - [03/Apr/2021:13:53:48 +0000] \"GET /api/users/data HTTP/1.1\" 304 - \"http://localhost:4200/\" \"Mozilla/5.0 (Windows NT 10.0; Win64; x64) AppleWebKit/537.36 (KHTML, like Gecko) Chrome/89.0.4389.90 Safari/537.36\"\n","level":"info"}
{"message":"::1 - - [03/Apr/2021:13:54:37 +0000] \"GET /api/users/data HTTP/1.1\" 304 - \"http://localhost:4200/\" \"Mozilla/5.0 (Windows NT 10.0; Win64; x64) AppleWebKit/537.36 (KHTML, like Gecko) Chrome/89.0.4389.90 Safari/537.36\"\n","level":"info"}
{"message":"::1 - - [03/Apr/2021:13:54:37 +0000] \"GET /api/users/data HTTP/1.1\" 304 - \"http://localhost:4200/\" \"Mozilla/5.0 (Windows NT 10.0; Win64; x64) AppleWebKit/537.36 (KHTML, like Gecko) Chrome/89.0.4389.90 Safari/537.36\"\n","level":"info"}
{"message":"::1 - - [03/Apr/2021:13:54:44 +0000] \"GET /api/users/data HTTP/1.1\" 304 - \"http://localhost:4200/\" \"Mozilla/5.0 (Windows NT 10.0; Win64; x64) AppleWebKit/537.36 (KHTML, like Gecko) Chrome/89.0.4389.90 Safari/537.36\"\n","level":"info"}
{"message":"::1 - - [03/Apr/2021:13:54:44 +0000] \"GET /api/users/data HTTP/1.1\" 304 - \"http://localhost:4200/\" \"Mozilla/5.0 (Windows NT 10.0; Win64; x64) AppleWebKit/537.36 (KHTML, like Gecko) Chrome/89.0.4389.90 Safari/537.36\"\n","level":"info"}
{"message":"::1 - - [03/Apr/2021:13:56:09 +0000] \"GET /api/users/data HTTP/1.1\" 304 - \"http://localhost:4200/\" \"Mozilla/5.0 (Windows NT 10.0; Win64; x64) AppleWebKit/537.36 (KHTML, like Gecko) Chrome/89.0.4389.90 Safari/537.36\"\n","level":"info"}
{"message":"::1 - - [03/Apr/2021:13:56:10 +0000] \"GET /api/users/data HTTP/1.1\" 304 - \"http://localhost:4200/\" \"Mozilla/5.0 (Windows NT 10.0; Win64; x64) AppleWebKit/537.36 (KHTML, like Gecko) Chrome/89.0.4389.90 Safari/537.36\"\n","level":"info"}
{"message":"::1 - - [03/Apr/2021:13:56:24 +0000] \"GET /api/users/data HTTP/1.1\" 304 - \"http://localhost:4200/\" \"Mozilla/5.0 (Windows NT 10.0; Win64; x64) AppleWebKit/537.36 (KHTML, like Gecko) Chrome/89.0.4389.90 Safari/537.36\"\n","level":"info"}
{"message":"::1 - - [03/Apr/2021:13:56:24 +0000] \"GET /api/users/data HTTP/1.1\" 304 - \"http://localhost:4200/\" \"Mozilla/5.0 (Windows NT 10.0; Win64; x64) AppleWebKit/537.36 (KHTML, like Gecko) Chrome/89.0.4389.90 Safari/537.36\"\n","level":"info"}
{"message":"::1 - - [03/Apr/2021:13:56:56 +0000] \"GET /api/users/data HTTP/1.1\" 304 - \"http://localhost:4200/\" \"Mozilla/5.0 (Windows NT 10.0; Win64; x64) AppleWebKit/537.36 (KHTML, like Gecko) Chrome/89.0.4389.90 Safari/537.36\"\n","level":"info"}
{"message":"::1 - - [03/Apr/2021:13:56:56 +0000] \"GET /api/users/data HTTP/1.1\" 304 - \"http://localhost:4200/\" \"Mozilla/5.0 (Windows NT 10.0; Win64; x64) AppleWebKit/537.36 (KHTML, like Gecko) Chrome/89.0.4389.90 Safari/537.36\"\n","level":"info"}
{"message":"::1 - - [03/Apr/2021:13:57:26 +0000] \"GET /api/users/data HTTP/1.1\" 304 - \"http://localhost:4200/\" \"Mozilla/5.0 (Windows NT 10.0; Win64; x64) AppleWebKit/537.36 (KHTML, like Gecko) Chrome/89.0.4389.90 Safari/537.36\"\n","level":"info"}
{"message":"::1 - - [03/Apr/2021:13:57:27 +0000] \"GET /api/users/data HTTP/1.1\" 304 - \"http://localhost:4200/\" \"Mozilla/5.0 (Windows NT 10.0; Win64; x64) AppleWebKit/537.36 (KHTML, like Gecko) Chrome/89.0.4389.90 Safari/537.36\"\n","level":"info"}
{"message":"::1 - - [03/Apr/2021:13:58:25 +0000] \"GET /api/users/data HTTP/1.1\" 304 - \"http://localhost:4200/\" \"Mozilla/5.0 (Windows NT 10.0; Win64; x64) AppleWebKit/537.36 (KHTML, like Gecko) Chrome/89.0.4389.90 Safari/537.36\"\n","level":"info"}
{"message":"::1 - - [03/Apr/2021:13:58:26 +0000] \"GET /api/users/data HTTP/1.1\" 304 - \"http://localhost:4200/\" \"Mozilla/5.0 (Windows NT 10.0; Win64; x64) AppleWebKit/537.36 (KHTML, like Gecko) Chrome/89.0.4389.90 Safari/537.36\"\n","level":"info"}
{"message":"::1 - - [03/Apr/2021:13:58:26 +0000] \"GET /api/users/data HTTP/1.1\" 304 - \"http://localhost:4200/\" \"Mozilla/5.0 (Windows NT 10.0; Win64; x64) AppleWebKit/537.36 (KHTML, like Gecko) Chrome/89.0.4389.90 Safari/537.36\"\n","level":"info"}
{"message":"::1 - - [03/Apr/2021:13:58:31 +0000] \"GET /api/users/data HTTP/1.1\" 304 - \"http://localhost:4200/\" \"Mozilla/5.0 (Windows NT 10.0; Win64; x64) AppleWebKit/537.36 (KHTML, like Gecko) Chrome/89.0.4389.90 Safari/537.36\"\n","level":"info"}
{"message":"::1 - - [03/Apr/2021:13:58:34 +0000] \"GET /api/users/cancel HTTP/1.1\" 304 - \"http://localhost:4200/\" \"Mozilla/5.0 (Windows NT 10.0; Win64; x64) AppleWebKit/537.36 (KHTML, like Gecko) Chrome/89.0.4389.90 Safari/537.36\"\n","level":"info"}
{"message":"::1 - - [03/Apr/2021:13:59:54 +0000] \"GET /api/users/data HTTP/1.1\" 304 - \"http://localhost:4200/\" \"Mozilla/5.0 (Windows NT 10.0; Win64; x64) AppleWebKit/537.36 (KHTML, like Gecko) Chrome/89.0.4389.90 Safari/537.36\"\n","level":"info"}
{"message":"::1 - - [03/Apr/2021:13:59:54 +0000] \"GET /api/users/data HTTP/1.1\" 304 - \"http://localhost:4200/\" \"Mozilla/5.0 (Windows NT 10.0; Win64; x64) AppleWebKit/537.36 (KHTML, like Gecko) Chrome/89.0.4389.90 Safari/537.36\"\n","level":"info"}
{"message":"::1 - - [03/Apr/2021:13:59:55 +0000] \"GET /api/users/data HTTP/1.1\" 304 - \"http://localhost:4200/\" \"Mozilla/5.0 (Windows NT 10.0; Win64; x64) AppleWebKit/537.36 (KHTML, like Gecko) Chrome/89.0.4389.90 Safari/537.36\"\n","level":"info"}
{"message":"::1 - - [03/Apr/2021:14:00:22 +0000] \"GET /api/users/data HTTP/1.1\" 304 - \"http://localhost:4200/\" \"Mozilla/5.0 (Windows NT 10.0; Win64; x64) AppleWebKit/537.36 (KHTML, like Gecko) Chrome/89.0.4389.90 Safari/537.36\"\n","level":"info"}
{"message":"::1 - - [03/Apr/2021:14:00:22 +0000] \"GET /api/users/data HTTP/1.1\" 304 - \"http://localhost:4200/\" \"Mozilla/5.0 (Windows NT 10.0; Win64; x64) AppleWebKit/537.36 (KHTML, like Gecko) Chrome/89.0.4389.90 Safari/537.36\"\n","level":"info"}
{"message":"::1 - - [03/Apr/2021:14:00:23 +0000] \"GET /api/users/data HTTP/1.1\" 304 - \"http://localhost:4200/\" \"Mozilla/5.0 (Windows NT 10.0; Win64; x64) AppleWebKit/537.36 (KHTML, like Gecko) Chrome/89.0.4389.90 Safari/537.36\"\n","level":"info"}
{"message":"::1 - - [03/Apr/2021:14:00:33 +0000] \"GET /api/users/data HTTP/1.1\" 304 - \"http://localhost:4200/\" \"Mozilla/5.0 (Windows NT 10.0; Win64; x64) AppleWebKit/537.36 (KHTML, like Gecko) Chrome/89.0.4389.90 Safari/537.36\"\n","level":"info"}
{"message":"::1 - - [03/Apr/2021:14:00:33 +0000] \"GET /api/users/data HTTP/1.1\" 304 - \"http://localhost:4200/\" \"Mozilla/5.0 (Windows NT 10.0; Win64; x64) AppleWebKit/537.36 (KHTML, like Gecko) Chrome/89.0.4389.90 Safari/537.36\"\n","level":"info"}
{"message":"::1 - - [03/Apr/2021:14:00:34 +0000] \"GET /api/users/data HTTP/1.1\" 304 - \"http://localhost:4200/\" \"Mozilla/5.0 (Windows NT 10.0; Win64; x64) AppleWebKit/537.36 (KHTML, like Gecko) Chrome/89.0.4389.90 Safari/537.36\"\n","level":"info"}
{"message":"::1 - - [03/Apr/2021:14:00:43 +0000] \"GET /api/users/data HTTP/1.1\" 304 - \"http://localhost:4200/\" \"Mozilla/5.0 (Windows NT 10.0; Win64; x64) AppleWebKit/537.36 (KHTML, like Gecko) Chrome/89.0.4389.90 Safari/537.36\"\n","level":"info"}
{"message":"::1 - - [03/Apr/2021:14:11:18 +0000] \"GET /api/users/data HTTP/1.1\" 304 - \"http://localhost:4200/\" \"Mozilla/5.0 (Windows NT 10.0; Win64; x64) AppleWebKit/537.36 (KHTML, like Gecko) Chrome/89.0.4389.90 Safari/537.36\"\n","level":"info"}
{"message":"::1 - - [03/Apr/2021:14:11:19 +0000] \"GET /api/users/data HTTP/1.1\" 304 - \"http://localhost:4200/\" \"Mozilla/5.0 (Windows NT 10.0; Win64; x64) AppleWebKit/537.36 (KHTML, like Gecko) Chrome/89.0.4389.90 Safari/537.36\"\n","level":"info"}
{"message":"::1 - - [03/Apr/2021:14:11:19 +0000] \"GET /api/users/data HTTP/1.1\" 304 - \"http://localhost:4200/\" \"Mozilla/5.0 (Windows NT 10.0; Win64; x64) AppleWebKit/537.36 (KHTML, like Gecko) Chrome/89.0.4389.90 Safari/537.36\"\n","level":"info"}
{"message":"::1 - - [03/Apr/2021:14:11:37 +0000] \"GET /api/users/data HTTP/1.1\" 304 - \"http://localhost:4200/\" \"Mozilla/5.0 (Windows NT 10.0; Win64; x64) AppleWebKit/537.36 (KHTML, like Gecko) Chrome/89.0.4389.90 Safari/537.36\"\n","level":"info"}
{"message":"::1 - - [03/Apr/2021:14:11:37 +0000] \"GET /api/users/data HTTP/1.1\" 304 - \"http://localhost:4200/\" \"Mozilla/5.0 (Windows NT 10.0; Win64; x64) AppleWebKit/537.36 (KHTML, like Gecko) Chrome/89.0.4389.90 Safari/537.36\"\n","level":"info"}
{"message":"::1 - - [03/Apr/2021:14:11:38 +0000] \"GET /api/users/data HTTP/1.1\" 304 - \"http://localhost:4200/\" \"Mozilla/5.0 (Windows NT 10.0; Win64; x64) AppleWebKit/537.36 (KHTML, like Gecko) Chrome/89.0.4389.90 Safari/537.36\"\n","level":"info"}
{"message":"::1 - - [03/Apr/2021:14:11:44 +0000] \"GET /api/users/data HTTP/1.1\" 304 - \"http://localhost:4200/\" \"Mozilla/5.0 (Windows NT 10.0; Win64; x64) AppleWebKit/537.36 (KHTML, like Gecko) Chrome/89.0.4389.90 Safari/537.36\"\n","level":"info"}
{"message":"::1 - - [03/Apr/2021:14:11:45 +0000] \"GET /api/users/data HTTP/1.1\" 304 - \"http://localhost:4200/\" \"Mozilla/5.0 (Windows NT 10.0; Win64; x64) AppleWebKit/537.36 (KHTML, like Gecko) Chrome/89.0.4389.90 Safari/537.36\"\n","level":"info"}
{"message":"::1 - - [03/Apr/2021:14:11:45 +0000] \"GET /api/users/data HTTP/1.1\" 304 - \"http://localhost:4200/\" \"Mozilla/5.0 (Windows NT 10.0; Win64; x64) AppleWebKit/537.36 (KHTML, like Gecko) Chrome/89.0.4389.90 Safari/537.36\"\n","level":"info"}
{"message":"::1 - - [03/Apr/2021:14:12:59 +0000] \"GET /api/users/data HTTP/1.1\" 304 - \"http://localhost:4200/\" \"Mozilla/5.0 (Windows NT 10.0; Win64; x64) AppleWebKit/537.36 (KHTML, like Gecko) Chrome/89.0.4389.90 Safari/537.36\"\n","level":"info"}
{"message":"::1 - - [03/Apr/2021:14:13:00 +0000] \"GET /api/users/data HTTP/1.1\" 304 - \"http://localhost:4200/\" \"Mozilla/5.0 (Windows NT 10.0; Win64; x64) AppleWebKit/537.36 (KHTML, like Gecko) Chrome/89.0.4389.90 Safari/537.36\"\n","level":"info"}
{"message":"::1 - - [03/Apr/2021:14:13:00 +0000] \"GET /api/users/data HTTP/1.1\" 304 - \"http://localhost:4200/\" \"Mozilla/5.0 (Windows NT 10.0; Win64; x64) AppleWebKit/537.36 (KHTML, like Gecko) Chrome/89.0.4389.90 Safari/537.36\"\n","level":"info"}
{"message":"::1 - - [03/Apr/2021:14:13:41 +0000] \"GET /api/users/data HTTP/1.1\" 304 - \"http://localhost:4200/\" \"Mozilla/5.0 (Windows NT 10.0; Win64; x64) AppleWebKit/537.36 (KHTML, like Gecko) Chrome/89.0.4389.90 Safari/537.36\"\n","level":"info"}
{"message":"::1 - - [03/Apr/2021:14:13:42 +0000] \"GET /api/users/data HTTP/1.1\" 304 - \"http://localhost:4200/\" \"Mozilla/5.0 (Windows NT 10.0; Win64; x64) AppleWebKit/537.36 (KHTML, like Gecko) Chrome/89.0.4389.90 Safari/537.36\"\n","level":"info"}
{"message":"::1 - - [03/Apr/2021:14:13:42 +0000] \"GET /api/users/data HTTP/1.1\" 304 - \"http://localhost:4200/\" \"Mozilla/5.0 (Windows NT 10.0; Win64; x64) AppleWebKit/537.36 (KHTML, like Gecko) Chrome/89.0.4389.90 Safari/537.36\"\n","level":"info"}
{"message":"::1 - - [03/Apr/2021:14:13:45 +0000] \"GET /api/users/data HTTP/1.1\" 304 - \"http://localhost:4200/\" \"Mozilla/5.0 (Windows NT 10.0; Win64; x64) AppleWebKit/537.36 (KHTML, like Gecko) Chrome/89.0.4389.90 Safari/537.36\"\n","level":"info"}
{"message":"::1 - - [03/Apr/2021:14:13:45 +0000] \"GET /api/users/data HTTP/1.1\" 304 - \"http://localhost:4200/\" \"Mozilla/5.0 (Windows NT 10.0; Win64; x64) AppleWebKit/537.36 (KHTML, like Gecko) Chrome/89.0.4389.90 Safari/537.36\"\n","level":"info"}
{"message":"::1 - - [03/Apr/2021:14:13:46 +0000] \"GET /api/users/data HTTP/1.1\" 304 - \"http://localhost:4200/\" \"Mozilla/5.0 (Windows NT 10.0; Win64; x64) AppleWebKit/537.36 (KHTML, like Gecko) Chrome/89.0.4389.90 Safari/537.36\"\n","level":"info"}
{"message":"::1 - - [03/Apr/2021:14:13:50 +0000] \"GET /api/users/data HTTP/1.1\" 304 - \"http://localhost:4200/\" \"Mozilla/5.0 (Windows NT 10.0; Win64; x64) AppleWebKit/537.36 (KHTML, like Gecko) Chrome/89.0.4389.90 Safari/537.36\"\n","level":"info"}
{"message":"::1 - - [03/Apr/2021:14:13:50 +0000] \"GET /api/users/data HTTP/1.1\" 304 - \"http://localhost:4200/\" \"Mozilla/5.0 (Windows NT 10.0; Win64; x64) AppleWebKit/537.36 (KHTML, like Gecko) Chrome/89.0.4389.90 Safari/537.36\"\n","level":"info"}
{"message":"::1 - - [03/Apr/2021:14:13:51 +0000] \"GET /api/users/data HTTP/1.1\" 304 - \"http://localhost:4200/\" \"Mozilla/5.0 (Windows NT 10.0; Win64; x64) AppleWebKit/537.36 (KHTML, like Gecko) Chrome/89.0.4389.90 Safari/537.36\"\n","level":"info"}
{"message":"::1 - - [03/Apr/2021:14:15:05 +0000] \"GET /api/users/data HTTP/1.1\" 304 - \"http://localhost:4200/\" \"Mozilla/5.0 (Windows NT 10.0; Win64; x64) AppleWebKit/537.36 (KHTML, like Gecko) Chrome/89.0.4389.90 Safari/537.36\"\n","level":"info"}
{"message":"::1 - - [03/Apr/2021:14:15:05 +0000] \"GET /api/users/data HTTP/1.1\" 304 - \"http://localhost:4200/\" \"Mozilla/5.0 (Windows NT 10.0; Win64; x64) AppleWebKit/537.36 (KHTML, like Gecko) Chrome/89.0.4389.90 Safari/537.36\"\n","level":"info"}
{"message":"::1 - - [03/Apr/2021:14:15:06 +0000] \"GET /api/users/data HTTP/1.1\" 304 - \"http://localhost:4200/\" \"Mozilla/5.0 (Windows NT 10.0; Win64; x64) AppleWebKit/537.36 (KHTML, like Gecko) Chrome/89.0.4389.90 Safari/537.36\"\n","level":"info"}
{"message":"::1 - - [03/Apr/2021:14:15:07 +0000] \"GET /api/users/data HTTP/1.1\" 304 - \"http://localhost:4200/\" \"Mozilla/5.0 (Windows NT 10.0; Win64; x64) AppleWebKit/537.36 (KHTML, like Gecko) Chrome/89.0.4389.90 Safari/537.36\"\n","level":"info"}
{"message":"::1 - - [03/Apr/2021:14:15:08 +0000] \"GET /api/users/data HTTP/1.1\" 304 - \"http://localhost:4200/\" \"Mozilla/5.0 (Windows NT 10.0; Win64; x64) AppleWebKit/537.36 (KHTML, like Gecko) Chrome/89.0.4389.90 Safari/537.36\"\n","level":"info"}
{"message":"::1 - - [03/Apr/2021:14:15:08 +0000] \"GET /api/users/data HTTP/1.1\" 304 - \"http://localhost:4200/\" \"Mozilla/5.0 (Windows NT 10.0; Win64; x64) AppleWebKit/537.36 (KHTML, like Gecko) Chrome/89.0.4389.90 Safari/537.36\"\n","level":"info"}
{"message":"::1 - - [03/Apr/2021:14:15:20 +0000] \"GET /api/users/data HTTP/1.1\" 304 - \"http://localhost:4200/\" \"Mozilla/5.0 (Windows NT 10.0; Win64; x64) AppleWebKit/537.36 (KHTML, like Gecko) Chrome/89.0.4389.90 Safari/537.36\"\n","level":"info"}
{"message":"::1 - - [03/Apr/2021:14:15:20 +0000] \"GET /api/users/data HTTP/1.1\" 304 - \"http://localhost:4200/\" \"Mozilla/5.0 (Windows NT 10.0; Win64; x64) AppleWebKit/537.36 (KHTML, like Gecko) Chrome/89.0.4389.90 Safari/537.36\"\n","level":"info"}
{"message":"::1 - - [03/Apr/2021:14:15:21 +0000] \"GET /api/users/data HTTP/1.1\" 304 - \"http://localhost:4200/\" \"Mozilla/5.0 (Windows NT 10.0; Win64; x64) AppleWebKit/537.36 (KHTML, like Gecko) Chrome/89.0.4389.90 Safari/537.36\"\n","level":"info"}
{"message":"::1 - - [03/Apr/2021:14:15:23 +0000] \"GET /api/users/data HTTP/1.1\" 304 - \"http://localhost:4200/\" \"Mozilla/5.0 (Windows NT 10.0; Win64; x64) AppleWebKit/537.36 (KHTML, like Gecko) Chrome/89.0.4389.90 Safari/537.36\"\n","level":"info"}
{"message":"::1 - - [03/Apr/2021:14:28:24 +0000] \"GET /api/users/data HTTP/1.1\" 200 763 \"http://localhost:4200/\" \"Mozilla/5.0 (Windows NT 10.0; Win64; x64) AppleWebKit/537.36 (KHTML, like Gecko) Chrome/89.0.4389.90 Safari/537.36\"\n","level":"info"}
{"message":"::1 - - [03/Apr/2021:14:28:35 +0000] \"GET /api/users/data HTTP/1.1\" 304 - \"http://localhost:4200/\" \"Mozilla/5.0 (Windows NT 10.0; Win64; x64) AppleWebKit/537.36 (KHTML, like Gecko) Chrome/89.0.4389.90 Safari/537.36\"\n","level":"info"}
{"message":"::1 - - [03/Apr/2021:14:28:42 +0000] \"GET /api/users/data HTTP/1.1\" 304 - \"http://localhost:4200/\" \"Mozilla/5.0 (Windows NT 10.0; Win64; x64) AppleWebKit/537.36 (KHTML, like Gecko) Chrome/89.0.4389.90 Safari/537.36\"\n","level":"info"}
{"message":"::1 - - [03/Apr/2021:14:29:03 +0000] \"GET /api/users/data HTTP/1.1\" 304 - \"http://localhost:4200/\" \"Mozilla/5.0 (Windows NT 10.0; Win64; x64) AppleWebKit/537.36 (KHTML, like Gecko) Chrome/89.0.4389.90 Safari/537.36\"\n","level":"info"}
{"message":"::1 - - [03/Apr/2021:14:29:05 +0000] \"GET /api/users/data HTTP/1.1\" 304 - \"http://localhost:4200/\" \"Mozilla/5.0 (Windows NT 10.0; Win64; x64) AppleWebKit/537.36 (KHTML, like Gecko) Chrome/89.0.4389.90 Safari/537.36\"\n","level":"info"}
{"message":"::1 - - [03/Apr/2021:14:30:14 +0000] \"GET /api/users/data HTTP/1.1\" 304 - \"http://localhost:4200/\" \"Mozilla/5.0 (Windows NT 10.0; Win64; x64) AppleWebKit/537.36 (KHTML, like Gecko) Chrome/89.0.4389.90 Safari/537.36\"\n","level":"info"}
{"message":"::1 - - [03/Apr/2021:14:30:15 +0000] \"GET /api/users/data HTTP/1.1\" 304 - \"http://localhost:4200/\" \"Mozilla/5.0 (Windows NT 10.0; Win64; x64) AppleWebKit/537.36 (KHTML, like Gecko) Chrome/89.0.4389.90 Safari/537.36\"\n","level":"info"}
{"message":"::1 - - [03/Apr/2021:14:30:31 +0000] \"GET /api/users/data HTTP/1.1\" 304 - \"http://localhost:4200/\" \"Mozilla/5.0 (Windows NT 10.0; Win64; x64) AppleWebKit/537.36 (KHTML, like Gecko) Chrome/89.0.4389.90 Safari/537.36\"\n","level":"info"}
{"message":"::1 - - [03/Apr/2021:14:30:32 +0000] \"GET /api/users/data HTTP/1.1\" 304 - \"http://localhost:4200/\" \"Mozilla/5.0 (Windows NT 10.0; Win64; x64) AppleWebKit/537.36 (KHTML, like Gecko) Chrome/89.0.4389.90 Safari/537.36\"\n","level":"info"}
{"message":"::1 - - [03/Apr/2021:14:30:42 +0000] \"GET /api/users/data HTTP/1.1\" 304 - \"http://localhost:4200/\" \"Mozilla/5.0 (Windows NT 10.0; Win64; x64) AppleWebKit/537.36 (KHTML, like Gecko) Chrome/89.0.4389.90 Safari/537.36\"\n","level":"info"}
{"message":"::1 - - [03/Apr/2021:14:30:43 +0000] \"GET /api/users/data HTTP/1.1\" 304 - \"http://localhost:4200/\" \"Mozilla/5.0 (Windows NT 10.0; Win64; x64) AppleWebKit/537.36 (KHTML, like Gecko) Chrome/89.0.4389.90 Safari/537.36\"\n","level":"info"}
{"message":"::1 - - [03/Apr/2021:14:30:59 +0000] \"GET /api/users/data HTTP/1.1\" 304 - \"http://localhost:4200/\" \"Mozilla/5.0 (Windows NT 10.0; Win64; x64) AppleWebKit/537.36 (KHTML, like Gecko) Chrome/89.0.4389.90 Safari/537.36\"\n","level":"info"}
{"message":"::1 - - [03/Apr/2021:14:31:00 +0000] \"GET /api/users/data HTTP/1.1\" 304 - \"http://localhost:4200/\" \"Mozilla/5.0 (Windows NT 10.0; Win64; x64) AppleWebKit/537.36 (KHTML, like Gecko) Chrome/89.0.4389.90 Safari/537.36\"\n","level":"info"}
{"message":"::1 - - [03/Apr/2021:14:32:05 +0000] \"GET /api/users/data HTTP/1.1\" 304 - \"http://localhost:4200/\" \"Mozilla/5.0 (Windows NT 10.0; Win64; x64) AppleWebKit/537.36 (KHTML, like Gecko) Chrome/89.0.4389.90 Safari/537.36\"\n","level":"info"}
{"message":"::1 - - [03/Apr/2021:14:32:06 +0000] \"GET /api/users/data HTTP/1.1\" 304 - \"http://localhost:4200/\" \"Mozilla/5.0 (Windows NT 10.0; Win64; x64) AppleWebKit/537.36 (KHTML, like Gecko) Chrome/89.0.4389.90 Safari/537.36\"\n","level":"info"}
{"message":"::1 - - [03/Apr/2021:14:32:18 +0000] \"GET /api/users/data HTTP/1.1\" 304 - \"http://localhost:4200/\" \"Mozilla/5.0 (Windows NT 10.0; Win64; x64) AppleWebKit/537.36 (KHTML, like Gecko) Chrome/89.0.4389.90 Safari/537.36\"\n","level":"info"}
{"message":"::1 - - [03/Apr/2021:14:32:19 +0000] \"GET /api/users/data HTTP/1.1\" 304 - \"http://localhost:4200/\" \"Mozilla/5.0 (Windows NT 10.0; Win64; x64) AppleWebKit/537.36 (KHTML, like Gecko) Chrome/89.0.4389.90 Safari/537.36\"\n","level":"info"}
{"message":"::1 - - [03/Apr/2021:14:32:22 +0000] \"GET /api/users/data HTTP/1.1\" 304 - \"http://localhost:4200/\" \"Mozilla/5.0 (Windows NT 10.0; Win64; x64) AppleWebKit/537.36 (KHTML, like Gecko) Chrome/89.0.4389.90 Safari/537.36\"\n","level":"info"}
{"message":"::1 - - [03/Apr/2021:14:32:25 +0000] \"GET /api/users/data HTTP/1.1\" 304 - \"http://localhost:4200/\" \"Mozilla/5.0 (Windows NT 10.0; Win64; x64) AppleWebKit/537.36 (KHTML, like Gecko) Chrome/89.0.4389.90 Safari/537.36\"\n","level":"info"}
{"message":"::1 - - [03/Apr/2021:14:32:31 +0000] \"GET /api/users/data HTTP/1.1\" 304 - \"http://localhost:4200/\" \"Mozilla/5.0 (Windows NT 10.0; Win64; x64) AppleWebKit/537.36 (KHTML, like Gecko) Chrome/89.0.4389.90 Safari/537.36\"\n","level":"info"}
{"message":"::1 - - [03/Apr/2021:14:32:38 +0000] \"GET /api/users/data HTTP/1.1\" 200 763 \"http://localhost:4200/\" \"Mozilla/5.0 (Windows NT 10.0; Win64; x64) AppleWebKit/537.36 (KHTML, like Gecko) Chrome/89.0.4389.90 Safari/537.36\"\n","level":"info"}
{"message":"::1 - - [03/Apr/2021:14:32:42 +0000] \"GET /api/users/data HTTP/1.1\" 200 763 \"http://localhost:4200/\" \"Mozilla/5.0 (Windows NT 10.0; Win64; x64) AppleWebKit/537.36 (KHTML, like Gecko) Chrome/89.0.4389.90 Safari/537.36\"\n","level":"info"}
{"message":"::1 - - [03/Apr/2021:14:37:44 +0000] \"POST /api/auth/login HTTP/1.1\" 200 445 \"http://localhost:4200/\" \"Mozilla/5.0 (Windows NT 10.0; Win64; x64) AppleWebKit/537.36 (KHTML, like Gecko) Chrome/89.0.4389.90 Safari/537.36\"\n","level":"info"}
{"message":"::1 - - [03/Apr/2021:14:37:45 +0000] \"GET /api/users/data HTTP/1.1\" 304 - \"http://localhost:4200/\" \"Mozilla/5.0 (Windows NT 10.0; Win64; x64) AppleWebKit/537.36 (KHTML, like Gecko) Chrome/89.0.4389.90 Safari/537.36\"\n","level":"info"}
{"message":"::1 - - [03/Apr/2021:14:39:06 +0000] \"GET /api/users/data HTTP/1.1\" 304 - \"http://localhost:4200/\" \"Mozilla/5.0 (Windows NT 10.0; Win64; x64) AppleWebKit/537.36 (KHTML, like Gecko) Chrome/89.0.4389.90 Safari/537.36\"\n","level":"info"}
{"message":"::1 - - [03/Apr/2021:14:39:12 +0000] \"GET /api/users/data HTTP/1.1\" 304 - \"http://localhost:4200/\" \"Mozilla/5.0 (Windows NT 10.0; Win64; x64) AppleWebKit/537.36 (KHTML, like Gecko) Chrome/89.0.4389.90 Safari/537.36\"\n","level":"info"}
{"message":"::1 - - [03/Apr/2021:14:40:03 +0000] \"GET /api/users/data HTTP/1.1\" 304 - \"http://localhost:4200/\" \"Mozilla/5.0 (Windows NT 10.0; Win64; x64) AppleWebKit/537.36 (KHTML, like Gecko) Chrome/89.0.4389.90 Safari/537.36\"\n","level":"info"}
{"message":"::1 - - [03/Apr/2021:14:40:09 +0000] \"GET /api/users/data HTTP/1.1\" 304 - \"http://localhost:4200/\" \"Mozilla/5.0 (Windows NT 10.0; Win64; x64) AppleWebKit/537.36 (KHTML, like Gecko) Chrome/89.0.4389.90 Safari/537.36\"\n","level":"info"}
{"message":"::1 - - [03/Apr/2021:14:40:14 +0000] \"GET /api/users/data HTTP/1.1\" 304 - \"http://localhost:4200/\" \"Mozilla/5.0 (Windows NT 10.0; Win64; x64) AppleWebKit/537.36 (KHTML, like Gecko) Chrome/89.0.4389.90 Safari/537.36\"\n","level":"info"}
{"message":"::1 - - [03/Apr/2021:14:40:28 +0000] \"GET /api/users/data HTTP/1.1\" 200 763 \"http://localhost:4200/\" \"Mozilla/5.0 (Windows NT 10.0; Win64; x64) AppleWebKit/537.36 (KHTML, like Gecko) Chrome/89.0.4389.90 Safari/537.36\"\n","level":"info"}
{"message":"::1 - - [03/Apr/2021:14:40:36 +0000] \"GET /api/users/data HTTP/1.1\" 304 - \"http://localhost:4200/\" \"Mozilla/5.0 (Windows NT 10.0; Win64; x64) AppleWebKit/537.36 (KHTML, like Gecko) Chrome/89.0.4389.90 Safari/537.36\"\n","level":"info"}
{"message":"::1 - - [03/Apr/2021:14:40:56 +0000] \"POST /api/auth/login HTTP/1.1\" 200 445 \"http://localhost:4200/\" \"Mozilla/5.0 (Windows NT 10.0; Win64; x64) AppleWebKit/537.36 (KHTML, like Gecko) Chrome/89.0.4389.90 Safari/537.36\"\n","level":"info"}
{"message":"::1 - - [03/Apr/2021:14:40:56 +0000] \"GET /api/users/data HTTP/1.1\" 304 - \"http://localhost:4200/\" \"Mozilla/5.0 (Windows NT 10.0; Win64; x64) AppleWebKit/537.36 (KHTML, like Gecko) Chrome/89.0.4389.90 Safari/537.36\"\n","level":"info"}
{"message":"::1 - - [03/Apr/2021:14:41:58 +0000] \"POST /api/auth/login HTTP/1.1\" 200 445 \"http://localhost:4200/\" \"Mozilla/5.0 (Windows NT 10.0; Win64; x64) AppleWebKit/537.36 (KHTML, like Gecko) Chrome/89.0.4389.90 Safari/537.36\"\n","level":"info"}
{"message":"::1 - - [03/Apr/2021:14:41:58 +0000] \"GET /api/users/data HTTP/1.1\" 304 - \"http://localhost:4200/\" \"Mozilla/5.0 (Windows NT 10.0; Win64; x64) AppleWebKit/537.36 (KHTML, like Gecko) Chrome/89.0.4389.90 Safari/537.36\"\n","level":"info"}
{"message":"::1 - - [03/Apr/2021:14:42:11 +0000] \"POST /api/auth/login HTTP/1.1\" 200 445 \"http://localhost:4200/\" \"Mozilla/5.0 (Windows NT 10.0; Win64; x64) AppleWebKit/537.36 (KHTML, like Gecko) Chrome/89.0.4389.90 Safari/537.36\"\n","level":"info"}
{"message":"::1 - - [03/Apr/2021:14:42:11 +0000] \"GET /api/users/data HTTP/1.1\" 304 - \"http://localhost:4200/\" \"Mozilla/5.0 (Windows NT 10.0; Win64; x64) AppleWebKit/537.36 (KHTML, like Gecko) Chrome/89.0.4389.90 Safari/537.36\"\n","level":"info"}
{"message":"::1 - - [03/Apr/2021:14:42:14 +0000] \"GET /api/users/data HTTP/1.1\" 304 - \"http://localhost:4200/\" \"Mozilla/5.0 (Windows NT 10.0; Win64; x64) AppleWebKit/537.36 (KHTML, like Gecko) Chrome/89.0.4389.90 Safari/537.36\"\n","level":"info"}
{"message":"::1 - - [03/Apr/2021:14:43:11 +0000] \"GET /api/users/data HTTP/1.1\" 304 - \"http://localhost:4200/\" \"Mozilla/5.0 (Windows NT 10.0; Win64; x64) AppleWebKit/537.36 (KHTML, like Gecko) Chrome/89.0.4389.90 Safari/537.36\"\n","level":"info"}
{"message":"::1 - - [03/Apr/2021:14:43:50 +0000] \"GET /api/users/data HTTP/1.1\" 304 - \"http://localhost:4200/\" \"Mozilla/5.0 (Windows NT 10.0; Win64; x64) AppleWebKit/537.36 (KHTML, like Gecko) Chrome/89.0.4389.90 Safari/537.36\"\n","level":"info"}
{"message":"::1 - - [03/Apr/2021:14:44:44 +0000] \"GET /api/users/data HTTP/1.1\" 304 - \"http://localhost:4200/\" \"Mozilla/5.0 (Windows NT 10.0; Win64; x64) AppleWebKit/537.36 (KHTML, like Gecko) Chrome/89.0.4389.90 Safari/537.36\"\n","level":"info"}
{"message":"::1 - - [03/Apr/2021:14:44:56 +0000] \"GET /api/users/data HTTP/1.1\" 304 - \"http://localhost:4200/\" \"Mozilla/5.0 (Windows NT 10.0; Win64; x64) AppleWebKit/537.36 (KHTML, like Gecko) Chrome/89.0.4389.90 Safari/537.36\"\n","level":"info"}
{"message":"::1 - - [03/Apr/2021:14:44:58 +0000] \"GET /api/users/data HTTP/1.1\" 304 - \"http://localhost:4200/\" \"Mozilla/5.0 (Windows NT 10.0; Win64; x64) AppleWebKit/537.36 (KHTML, like Gecko) Chrome/89.0.4389.90 Safari/537.36\"\n","level":"info"}
{"message":"::1 - - [03/Apr/2021:14:46:34 +0000] \"GET /api/users/data HTTP/1.1\" 304 - \"http://localhost:4200/\" \"Mozilla/5.0 (Windows NT 10.0; Win64; x64) AppleWebKit/537.36 (KHTML, like Gecko) Chrome/89.0.4389.90 Safari/537.36\"\n","level":"info"}
{"message":"::1 - - [03/Apr/2021:14:49:52 +0000] \"GET /api/users/data HTTP/1.1\" 304 - \"http://localhost:4200/\" \"Mozilla/5.0 (Windows NT 10.0; Win64; x64) AppleWebKit/537.36 (KHTML, like Gecko) Chrome/89.0.4389.90 Safari/537.36\"\n","level":"info"}
{"message":"::1 - - [03/Apr/2021:14:50:45 +0000] \"GET /api/users/data HTTP/1.1\" 304 - \"http://localhost:4200/\" \"Mozilla/5.0 (Windows NT 10.0; Win64; x64) AppleWebKit/537.36 (KHTML, like Gecko) Chrome/89.0.4389.90 Safari/537.36\"\n","level":"info"}
{"message":"::1 - - [03/Apr/2021:14:50:58 +0000] \"GET /api/users/data HTTP/1.1\" 304 - \"http://localhost:4200/\" \"Mozilla/5.0 (Windows NT 10.0; Win64; x64) AppleWebKit/537.36 (KHTML, like Gecko) Chrome/89.0.4389.90 Safari/537.36\"\n","level":"info"}
{"message":"::1 - - [03/Apr/2021:14:51:18 +0000] \"GET /api/users/data HTTP/1.1\" 304 - \"http://localhost:4200/\" \"Mozilla/5.0 (Windows NT 10.0; Win64; x64) AppleWebKit/537.36 (KHTML, like Gecko) Chrome/89.0.4389.90 Safari/537.36\"\n","level":"info"}
{"message":"::1 - - [03/Apr/2021:14:51:52 +0000] \"GET /api/users/data HTTP/1.1\" 304 - \"http://localhost:4200/\" \"Mozilla/5.0 (Windows NT 10.0; Win64; x64) AppleWebKit/537.36 (KHTML, like Gecko) Chrome/89.0.4389.90 Safari/537.36\"\n","level":"info"}
{"message":"::1 - - [03/Apr/2021:14:52:02 +0000] \"GET /api/users/data HTTP/1.1\" 304 - \"http://localhost:4200/\" \"Mozilla/5.0 (Windows NT 10.0; Win64; x64) AppleWebKit/537.36 (KHTML, like Gecko) Chrome/89.0.4389.90 Safari/537.36\"\n","level":"info"}
{"message":"::1 - - [03/Apr/2021:14:53:11 +0000] \"GET /api/users/data HTTP/1.1\" 304 - \"http://localhost:4200/\" \"Mozilla/5.0 (Windows NT 10.0; Win64; x64) AppleWebKit/537.36 (KHTML, like Gecko) Chrome/89.0.4389.90 Safari/537.36\"\n","level":"info"}
{"message":"::1 - - [03/Apr/2021:14:53:19 +0000] \"GET /api/users/data HTTP/1.1\" 304 - \"http://localhost:4200/\" \"Mozilla/5.0 (Windows NT 10.0; Win64; x64) AppleWebKit/537.36 (KHTML, like Gecko) Chrome/89.0.4389.90 Safari/537.36\"\n","level":"info"}
{"message":"::1 - - [03/Apr/2021:14:53:46 +0000] \"GET /api/users/data HTTP/1.1\" 304 - \"http://localhost:4200/\" \"Mozilla/5.0 (Windows NT 10.0; Win64; x64) AppleWebKit/537.36 (KHTML, like Gecko) Chrome/89.0.4389.90 Safari/537.36\"\n","level":"info"}
{"message":"::1 - - [03/Apr/2021:14:53:50 +0000] \"GET /api/users/data HTTP/1.1\" 304 - \"http://localhost:4200/\" \"Mozilla/5.0 (Windows NT 10.0; Win64; x64) AppleWebKit/537.36 (KHTML, like Gecko) Chrome/89.0.4389.90 Safari/537.36\"\n","level":"info"}
{"message":"::1 - - [03/Apr/2021:14:54:53 +0000] \"GET /api/users/data HTTP/1.1\" 304 - \"http://localhost:4200/\" \"Mozilla/5.0 (Windows NT 10.0; Win64; x64) AppleWebKit/537.36 (KHTML, like Gecko) Chrome/89.0.4389.90 Safari/537.36\"\n","level":"info"}
{"message":"::1 - - [03/Apr/2021:14:55:06 +0000] \"GET /api/users/data HTTP/1.1\" 304 - \"http://localhost:4200/\" \"Mozilla/5.0 (Windows NT 10.0; Win64; x64) AppleWebKit/537.36 (KHTML, like Gecko) Chrome/89.0.4389.90 Safari/537.36\"\n","level":"info"}
{"message":"::1 - - [03/Apr/2021:14:55:32 +0000] \"GET /api/users/data HTTP/1.1\" 304 - \"http://localhost:4200/\" \"Mozilla/5.0 (Windows NT 10.0; Win64; x64) AppleWebKit/537.36 (KHTML, like Gecko) Chrome/89.0.4389.90 Safari/537.36\"\n","level":"info"}
{"message":"::1 - - [03/Apr/2021:14:57:31 +0000] \"POST /api/auth/login HTTP/1.1\" 200 445 \"http://localhost:4200/\" \"Mozilla/5.0 (Windows NT 10.0; Win64; x64) AppleWebKit/537.36 (KHTML, like Gecko) Chrome/89.0.4389.90 Safari/537.36\"\n","level":"info"}
{"message":"::1 - - [03/Apr/2021:14:57:32 +0000] \"GET /api/users/data HTTP/1.1\" 304 - \"http://localhost:4200/\" \"Mozilla/5.0 (Windows NT 10.0; Win64; x64) AppleWebKit/537.36 (KHTML, like Gecko) Chrome/89.0.4389.90 Safari/537.36\"\n","level":"info"}
{"message":"::1 - - [03/Apr/2021:14:57:45 +0000] \"GET /api/users/data HTTP/1.1\" 304 - \"http://localhost:4200/\" \"Mozilla/5.0 (Windows NT 10.0; Win64; x64) AppleWebKit/537.36 (KHTML, like Gecko) Chrome/89.0.4389.90 Safari/537.36\"\n","level":"info"}
{"message":"::1 - - [03/Apr/2021:14:59:17 +0000] \"GET /api/users/data HTTP/1.1\" 304 - \"http://localhost:4200/\" \"Mozilla/5.0 (Windows NT 10.0; Win64; x64) AppleWebKit/537.36 (KHTML, like Gecko) Chrome/89.0.4389.90 Safari/537.36\"\n","level":"info"}
{"message":"::1 - - [03/Apr/2021:14:59:57 +0000] \"GET /api/users/data HTTP/1.1\" 304 - \"http://localhost:4200/\" \"Mozilla/5.0 (Windows NT 10.0; Win64; x64) AppleWebKit/537.36 (KHTML, like Gecko) Chrome/89.0.4389.90 Safari/537.36\"\n","level":"info"}
{"message":"::1 - - [03/Apr/2021:15:00:05 +0000] \"GET /api/users/data HTTP/1.1\" 304 - \"http://localhost:4200/\" \"Mozilla/5.0 (Windows NT 10.0; Win64; x64) AppleWebKit/537.36 (KHTML, like Gecko) Chrome/89.0.4389.90 Safari/537.36\"\n","level":"info"}
{"message":"::1 - - [03/Apr/2021:15:00:29 +0000] \"GET /api/users/data HTTP/1.1\" 304 - \"http://localhost:4200/\" \"Mozilla/5.0 (Windows NT 10.0; Win64; x64) AppleWebKit/537.36 (KHTML, like Gecko) Chrome/89.0.4389.90 Safari/537.36\"\n","level":"info"}
{"message":"::1 - - [03/Apr/2021:15:00:31 +0000] \"GET /api/users/data HTTP/1.1\" 304 - \"http://localhost:4200/\" \"Mozilla/5.0 (Windows NT 10.0; Win64; x64) AppleWebKit/537.36 (KHTML, like Gecko) Chrome/89.0.4389.90 Safari/537.36\"\n","level":"info"}
{"message":"::1 - - [03/Apr/2021:15:00:41 +0000] \"GET /api/users/data HTTP/1.1\" 304 - \"http://localhost:4200/\" \"Mozilla/5.0 (Windows NT 10.0; Win64; x64) AppleWebKit/537.36 (KHTML, like Gecko) Chrome/89.0.4389.90 Safari/537.36\"\n","level":"info"}
{"message":"::1 - - [03/Apr/2021:15:00:45 +0000] \"GET /api/users/data HTTP/1.1\" 304 - \"http://localhost:4200/\" \"Mozilla/5.0 (Windows NT 10.0; Win64; x64) AppleWebKit/537.36 (KHTML, like Gecko) Chrome/89.0.4389.90 Safari/537.36\"\n","level":"info"}
{"message":"::1 - - [03/Apr/2021:15:00:46 +0000] \"GET /api/users/data HTTP/1.1\" 304 - \"http://localhost:4200/\" \"Mozilla/5.0 (Windows NT 10.0; Win64; x64) AppleWebKit/537.36 (KHTML, like Gecko) Chrome/89.0.4389.90 Safari/537.36\"\n","level":"info"}
{"message":"::1 - - [03/Apr/2021:15:04:00 +0000] \"GET /api/users/data HTTP/1.1\" 304 - \"http://localhost:4200/\" \"Mozilla/5.0 (Windows NT 10.0; Win64; x64) AppleWebKit/537.36 (KHTML, like Gecko) Chrome/89.0.4389.90 Safari/537.36\"\n","level":"info"}
{"message":"::1 - - [03/Apr/2021:15:04:10 +0000] \"POST /api/auth/login HTTP/1.1\" 200 445 \"http://localhost:4200/\" \"Mozilla/5.0 (Windows NT 10.0; Win64; x64) AppleWebKit/537.36 (KHTML, like Gecko) Chrome/89.0.4389.90 Safari/537.36\"\n","level":"info"}
{"message":"::1 - - [03/Apr/2021:15:04:11 +0000] \"GET /api/users/data HTTP/1.1\" 304 - \"http://localhost:4200/\" \"Mozilla/5.0 (Windows NT 10.0; Win64; x64) AppleWebKit/537.36 (KHTML, like Gecko) Chrome/89.0.4389.90 Safari/537.36\"\n","level":"info"}
{"message":"::1 - - [03/Apr/2021:15:04:13 +0000] \"GET /api/users/data HTTP/1.1\" 304 - \"http://localhost:4200/\" \"Mozilla/5.0 (Windows NT 10.0; Win64; x64) AppleWebKit/537.36 (KHTML, like Gecko) Chrome/89.0.4389.90 Safari/537.36\"\n","level":"info"}
{"message":"::1 - - [03/Apr/2021:15:04:15 +0000] \"GET /api/users/data HTTP/1.1\" 304 - \"http://localhost:4200/\" \"Mozilla/5.0 (Windows NT 10.0; Win64; x64) AppleWebKit/537.36 (KHTML, like Gecko) Chrome/89.0.4389.90 Safari/537.36\"\n","level":"info"}
